[2022-05-23T23:57:28.081+0700][0.012s] Using G1
[2022-05-23T23:57:28.273+0700][0.205s] Version: 17.0.3.1+2-LTS-6 (release)
[2022-05-23T23:57:28.273+0700][0.205s] CPUs: 8 total, 8 available
[2022-05-23T23:57:28.273+0700][0.206s] Memory: 8029M
[2022-05-23T23:57:28.273+0700][0.206s] Large Page Support: Disabled
[2022-05-23T23:57:28.273+0700][0.206s] NUMA Support: Disabled
[2022-05-23T23:57:28.273+0700][0.206s] Compressed Oops: Enabled (32-bit)
[2022-05-23T23:57:28.273+0700][0.206s] Heap Region Size: 1M
[2022-05-23T23:57:28.273+0700][0.206s] Heap Min Capacity: 512M
[2022-05-23T23:57:28.273+0700][0.206s] Heap Initial Capacity: 512M
[2022-05-23T23:57:28.273+0700][0.206s] Heap Max Capacity: 512M
[2022-05-23T23:57:28.273+0700][0.206s] Pre-touch: Enabled
[2022-05-23T23:57:28.273+0700][0.206s] Parallel Workers: 8
[2022-05-23T23:57:28.273+0700][0.206s] Concurrent Workers: 2
[2022-05-23T23:57:28.273+0700][0.206s] Concurrent Refinement Workers: 8
[2022-05-23T23:57:28.273+0700][0.206s] Periodic GC: Disabled
[2022-05-23T23:57:28.273+0700][0.207s] CDS archive(s) mapped at: [0x0000000800000000-0x0000000800bc0000-0x0000000800bc0000), size 12320768, SharedBaseAddress: 0x0000000800000000, ArchiveRelocationMode: 0.
[2022-05-23T23:57:28.273+0700][0.207s] Compressed class space mapped at: 0x0000000800c00000-0x0000000840c00000, reserved size: 1073741824
[2022-05-23T23:57:28.273+0700][0.207s] Narrow klass base: 0x0000000800000000, Narrow klass shift: 0, Narrow klass range: 0x100000000
[2022-05-23T23:57:28.953+0700][0.880s] GC(0) Pause Young (Normal) (G1 Evacuation Pause)
[2022-05-23T23:57:28.953+0700][0.880s] GC(0) Using 8 workers of 8 for evacuation
[2022-05-23T23:57:28.953+0700][0.884s] GC(0)   Pre Evacuate Collection Set: 0.1ms
[2022-05-23T23:57:28.953+0700][0.884s] GC(0)   Merge Heap Roots: 0.0ms
[2022-05-23T23:57:28.953+0700][0.884s] GC(0)   Evacuate Collection Set: 2.6ms
[2022-05-23T23:57:28.953+0700][0.884s] GC(0)   Post Evacuate Collection Set: 0.5ms
[2022-05-23T23:57:28.953+0700][0.884s] GC(0)   Other: 0.4ms
[2022-05-23T23:57:28.953+0700][0.884s] GC(0) Eden regions: 29->0(38)
[2022-05-23T23:57:28.953+0700][0.884s] GC(0) Survivor regions: 0->4(4)
[2022-05-23T23:57:28.953+0700][0.884s] GC(0) Old regions: 0->2
[2022-05-23T23:57:28.953+0700][0.884s] GC(0) Archive regions: 0->0
[2022-05-23T23:57:28.953+0700][0.884s] GC(0) Humongous regions: 0->0
[2022-05-23T23:57:28.953+0700][0.884s] GC(0) Metaspace: 9743K(9984K)->9743K(9984K) NonClass: 8598K(8768K)->8598K(8768K) Class: 1144K(1216K)->1144K(1216K)
[2022-05-23T23:57:28.953+0700][0.884s] GC(0) Pause Young (Normal) (G1 Evacuation Pause) 29M->5M(512M) 3.768ms
[2022-05-23T23:57:28.953+0700][0.884s] GC(0) User=0.00s Sys=0.00s Real=0.00s
[2022-05-23T23:57:29.356+0700][1.292s] GC(1) Pause Young (Normal) (G1 Evacuation Pause)
[2022-05-23T23:57:29.356+0700][1.292s] GC(1) Using 8 workers of 8 for evacuation
[2022-05-23T23:57:29.372+0700][1.300s] GC(1)   Pre Evacuate Collection Set: 0.1ms
[2022-05-23T23:57:29.372+0700][1.300s] GC(1)   Merge Heap Roots: 0.0ms
[2022-05-23T23:57:29.372+0700][1.300s] GC(1)   Evacuate Collection Set: 6.8ms
[2022-05-23T23:57:29.372+0700][1.300s] GC(1)   Post Evacuate Collection Set: 0.6ms
[2022-05-23T23:57:29.372+0700][1.300s] GC(1)   Other: 0.1ms
[2022-05-23T23:57:29.372+0700][1.300s] GC(1) Eden regions: 34->0(48)
[2022-05-23T23:57:29.372+0700][1.300s] GC(1) Survivor regions: 4->5(5)
[2022-05-23T23:57:29.372+0700][1.300s] GC(1) Old regions: 2->11
[2022-05-23T23:57:29.372+0700][1.300s] GC(1) Archive regions: 0->0
[2022-05-23T23:57:29.372+0700][1.300s] GC(1) Humongous regions: 4->4
[2022-05-23T23:57:29.372+0700][1.300s] GC(1) Metaspace: 15572K(15808K)->15572K(15808K) NonClass: 13753K(13888K)->13753K(13888K) Class: 1818K(1920K)->1818K(1920K)
[2022-05-23T23:57:29.372+0700][1.300s] GC(1) Pause Young (Normal) (G1 Evacuation Pause) 43M->19M(512M) 7.679ms
[2022-05-23T23:57:29.372+0700][1.300s] GC(1) User=0.12s Sys=0.00s Real=0.02s
[2022-05-23T23:57:29.703+0700][1.631s] GC(2) Pause Young (Concurrent Start) (Metadata GC Threshold)
[2022-05-23T23:57:29.703+0700][1.631s] GC(2) Using 8 workers of 8 for evacuation
[2022-05-23T23:57:29.703+0700][1.635s] GC(2)   Pre Evacuate Collection Set: 0.1ms
[2022-05-23T23:57:29.703+0700][1.635s] GC(2)   Merge Heap Roots: 0.1ms
[2022-05-23T23:57:29.703+0700][1.635s] GC(2)   Evacuate Collection Set: 2.5ms
[2022-05-23T23:57:29.703+0700][1.635s] GC(2)   Post Evacuate Collection Set: 0.6ms
[2022-05-23T23:57:29.703+0700][1.635s] GC(2)   Other: 0.2ms
[2022-05-23T23:57:29.703+0700][1.635s] GC(2) Eden regions: 47->0(79)
[2022-05-23T23:57:29.703+0700][1.635s] GC(2) Survivor regions: 5->6(7)
[2022-05-23T23:57:29.703+0700][1.635s] GC(2) Old regions: 11->16
[2022-05-23T23:57:29.703+0700][1.635s] GC(2) Archive regions: 0->0
[2022-05-23T23:57:29.703+0700][1.635s] GC(2) Humongous regions: 4->4
[2022-05-23T23:57:29.703+0700][1.635s] GC(2) Metaspace: 21269K(21504K)->21269K(21504K) NonClass: 18863K(18944K)->18863K(18944K) Class: 2405K(2560K)->2405K(2560K)
[2022-05-23T23:57:29.703+0700][1.635s] GC(2) Pause Young (Concurrent Start) (Metadata GC Threshold) 66M->25M(512M) 3.506ms
[2022-05-23T23:57:29.703+0700][1.635s] GC(2) User=0.00s Sys=0.00s Real=0.00s
[2022-05-23T23:57:29.703+0700][1.635s] GC(3) Concurrent Mark Cycle
[2022-05-23T23:57:29.703+0700][1.635s] GC(3) Concurrent Clear Claimed Marks
[2022-05-23T23:57:29.703+0700][1.635s] GC(3) Concurrent Clear Claimed Marks 0.024ms
[2022-05-23T23:57:29.703+0700][1.635s] GC(3) Concurrent Scan Root Regions
[2022-05-23T23:57:29.703+0700][1.637s] GC(3) Concurrent Scan Root Regions 1.548ms
[2022-05-23T23:57:29.703+0700][1.637s] GC(3) Concurrent Mark
[2022-05-23T23:57:29.703+0700][1.637s] GC(3) Concurrent Mark From Roots
[2022-05-23T23:57:29.703+0700][1.637s] GC(3) Using 2 workers of 2 for marking
[2022-05-23T23:57:29.703+0700][1.642s] GC(3) Concurrent Mark From Roots 5.787ms
[2022-05-23T23:57:29.703+0700][1.642s] GC(3) Concurrent Preclean
[2022-05-23T23:57:29.703+0700][1.642s] GC(3) Concurrent Preclean 0.048ms
[2022-05-23T23:57:29.717+0700][1.643s] GC(3) Pause Remark
[2022-05-23T23:57:29.717+0700][1.644s] GC(3) Pause Remark 26M->26M(512M) 1.087ms
[2022-05-23T23:57:29.717+0700][1.644s] GC(3) User=0.00s Sys=0.00s Real=0.00s
[2022-05-23T23:57:29.717+0700][1.644s] GC(3) Concurrent Mark 7.169ms
[2022-05-23T23:57:29.717+0700][1.644s] GC(3) Concurrent Rebuild Remembered Sets
[2022-05-23T23:57:29.717+0700][1.649s] GC(3) Concurrent Rebuild Remembered Sets 4.953ms
[2022-05-23T23:57:29.717+0700][1.649s] GC(3) Pause Cleanup
[2022-05-23T23:57:29.717+0700][1.649s] GC(3) Pause Cleanup 27M->27M(512M) 0.119ms
[2022-05-23T23:57:29.717+0700][1.649s] GC(3) User=0.00s Sys=0.00s Real=0.00s
[2022-05-23T23:57:29.717+0700][1.649s] GC(3) Concurrent Cleanup for Next Mark
[2022-05-23T23:57:29.717+0700][1.649s] GC(3) Concurrent Cleanup for Next Mark 0.398ms
[2022-05-23T23:57:29.717+0700][1.650s] GC(3) Concurrent Mark Cycle 14.570ms
[2022-05-23T23:58:13.258+0700][45.184s] GC(4) Pause Young (Prepare Mixed) (G1 Evacuation Pause)
[2022-05-23T23:58:13.258+0700][45.184s] GC(4) Using 8 workers of 8 for evacuation
[2022-05-23T23:58:13.264+0700][45.189s] GC(4)   Pre Evacuate Collection Set: 0.1ms
[2022-05-23T23:58:13.264+0700][45.190s] GC(4)   Merge Heap Roots: 0.1ms
[2022-05-23T23:58:13.264+0700][45.190s] GC(4)   Evacuate Collection Set: 4.7ms
[2022-05-23T23:58:13.264+0700][45.190s] GC(4)   Post Evacuate Collection Set: 0.7ms
[2022-05-23T23:58:13.264+0700][45.190s] GC(4)   Other: 0.3ms
[2022-05-23T23:58:13.264+0700][45.190s] GC(4) Eden regions: 79->0(14)
[2022-05-23T23:58:13.264+0700][45.190s] GC(4) Survivor regions: 6->11(11)
[2022-05-23T23:58:13.264+0700][45.190s] GC(4) Old regions: 16->16
[2022-05-23T23:58:13.264+0700][45.190s] GC(4) Archive regions: 0->0
[2022-05-23T23:58:13.264+0700][45.190s] GC(4) Humongous regions: 4->4
[2022-05-23T23:58:13.264+0700][45.190s] GC(4) Metaspace: 34453K(34752K)->34453K(34752K) NonClass: 30451K(30592K)->30451K(30592K) Class: 4001K(4160K)->4001K(4160K)
[2022-05-23T23:58:13.264+0700][45.190s] GC(4) Pause Young (Prepare Mixed) (G1 Evacuation Pause) 104M->29M(512M) 5.920ms
[2022-05-23T23:58:13.264+0700][45.190s] GC(4) User=0.02s Sys=0.02s Real=0.01s
[2022-05-23T23:59:03.821+0700][95.747s] Heap
[2022-05-23T23:59:03.821+0700][95.747s]  garbage-first heap   total 524288K, used 37321K [0x00000000e0000000, 0x0000000100000000)
[2022-05-23T23:59:03.821+0700][95.747s]   region size 1024K, 18 young (18432K), 11 survivors (11264K)
[2022-05-23T23:59:03.821+0700][95.747s]  Metaspace       used 35277K, committed 35648K, reserved 1081344K
[2022-05-23T23:59:03.821+0700][95.747s]   class space    used 4094K, committed 4288K, reserved 1048576K
